# JRE version: OpenJDK Runtime Environment (8.0_121-b13) (build 1.8.0_121-8u121-b13-0ubuntu1.16.04.2-b13)
# Java VM: OpenJDK 64-Bit Server VM (25.121-b13 mixed mode linux-amd64 compressed oops)
Heap:
 PSYoungGen      total 67072K, used 8697K [0x00000000ec500000, 0x00000000f1200000, 0x0000000100000000)
  eden space 58368K, 0% used [0x00000000ec500000,0x00000000ec500000,0x00000000efe00000)
  from space 8704K, 99% used [0x00000000efe00000,0x00000000f067e710,0x00000000f0680000)
  to   space 5632K, 0% used [0x00000000f0680000,0x00000000f0680000,0x00000000f0c00000)
 ParOldGen       total 40960K, used 9402K [0x00000000c4e00000, 0x00000000c7600000, 0x00000000ec500000)
  object space 40960K, 22% used [0x00000000c4e00000,0x00000000c572e840,0x00000000c7600000)
 Metaspace       used 18830K, capacity 19080K, committed 19328K, reserved 1067008K
  class space    used 2292K, capacity 2359K, committed 2432K, reserved 1048576K
GC Heap History (10 events):
Event: 4.114 GC heap after
Heap after GC invocations=2 (full 0):
 PSYoungGen      total 17920K, used 2554K [0x00000000ec500000, 0x00000000ed900000, 0x0000000100000000)
  eden space 15360K, 0% used [0x00000000ec500000,0x00000000ec500000,0x00000000ed400000)
  from space 2560K, 99% used [0x00000000ed680000,0x00000000ed8fe9e0,0x00000000ed900000)
  to   space 2560K, 0% used [0x00000000ed400000,0x00000000ed400000,0x00000000ed680000)
 ParOldGen       total 40960K, used 540K [0x00000000c4e00000, 0x00000000c7600000, 0x00000000ec500000)
  object space 40960K, 1% used [0x00000000c4e00000,0x00000000c4e87290,0x00000000c7600000)
 Metaspace       used 6272K, capacity 6358K, committed 6400K, reserved 1056768K
  class space    used 718K, capacity 755K, committed 768K, reserved 1048576K
}
Event: 4.125 GC heap before
{Heap before GC invocations=3 (full 0):
 PSYoungGen      total 17920K, used 17913K [0x00000000ec500000, 0x00000000ed900000, 0x0000000100000000)
  eden space 15360K, 99% used [0x00000000ec500000,0x00000000ed3ffbe8,0x00000000ed400000)
  from space 2560K, 99% used [0x00000000ed680000,0x00000000ed8fe9e0,0x00000000ed900000)
  to   space 2560K, 0% used [0x00000000ed400000,0x00000000ed400000,0x00000000ed680000)
 ParOldGen       total 40960K, used 540K [0x00000000c4e00000, 0x00000000c7600000, 0x00000000ec500000)
  object space 40960K, 1% used [0x00000000c4e00000,0x00000000c4e87290,0x00000000c7600000)
 Metaspace       used 6273K, capacity 6358K, committed 6400K, reserved 1056768K
  class space    used 718K, capacity 755K, committed 768K, reserved 1048576K
Event: 4.131 GC heap after
Heap after GC invocations=3 (full 0):
 PSYoungGen      total 17920K, used 1618K [0x00000000ec500000, 0x00000000ee800000, 0x0000000100000000)
  eden space 15360K, 0% used [0x00000000ec500000,0x00000000ec500000,0x00000000ed400000)
  from space 2560K, 63% used [0x00000000ed400000,0x00000000ed594930,0x00000000ed680000)
  to   space 2560K, 0% used [0x00000000ee580000,0x00000000ee580000,0x00000000ee800000)
 ParOldGen       total 40960K, used 540K [0x00000000c4e00000, 0x00000000c7600000, 0x00000000ec500000)
  object space 40960K, 1% used [0x00000000c4e00000,0x00000000c4e87290,0x00000000c7600000)
 Metaspace       used 6273K, capacity 6358K, committed 6400K, reserved 1056768K
  class space    used 718K, capacity 755K, committed 768K, reserved 1048576K
}
Event: 4.833 GC heap before
{Heap before GC invocations=4 (full 0):
 PSYoungGen      total 17920K, used 16978K [0x00000000ec500000, 0x00000000ee800000, 0x0000000100000000)
  eden space 15360K, 100% used [0x00000000ec500000,0x00000000ed400000,0x00000000ed400000)
  from space 2560K, 63% used [0x00000000ed400000,0x00000000ed594930,0x00000000ed680000)
  to   space 2560K, 0% used [0x00000000ee580000,0x00000000ee580000,0x00000000ee800000)
 ParOldGen       total 40960K, used 540K [0x00000000c4e00000, 0x00000000c7600000, 0x00000000ec500000)
  object space 40960K, 1% used [0x00000000c4e00000,0x00000000c4e87290,0x00000000c7600000)
 Metaspace       used 7224K, capacity 7356K, committed 7552K, reserved 1056768K
  class space    used 829K, capacity 853K, committed 896K, reserved 1048576K
Event: 4.853 GC heap after
Heap after GC invocations=4 (full 0):
 PSYoungGen      total 33280K, used 2549K [0x00000000ec500000, 0x00000000ee800000, 0x0000000100000000)
  eden space 30720K, 0% used [0x00000000ec500000,0x00000000ec500000,0x00000000ee300000)
  from space 2560K, 99% used [0x00000000ee580000,0x00000000ee7fd4a8,0x00000000ee800000)
  to   space 2560K, 0% used [0x00000000ee300000,0x00000000ee300000,0x00000000ee580000)
 ParOldGen       total 40960K, used 1545K [0x00000000c4e00000, 0x00000000c7600000, 0x00000000ec500000)
  object space 40960K, 3% used [0x00000000c4e00000,0x00000000c4f82540,0x00000000c7600000)
 Metaspace       used 7224K, capacity 7356K, committed 7552K, reserved 1056768K
  class space    used 829K, capacity 853K, committed 896K, reserved 1048576K
}
Event: 6.649 GC heap before
{Heap before GC invocations=5 (full 0):
 PSYoungGen      total 33280K, used 33269K [0x00000000ec500000, 0x00000000ee800000, 0x0000000100000000)
  eden space 30720K, 100% used [0x00000000ec500000,0x00000000ee300000,0x00000000ee300000)
  from space 2560K, 99% used [0x00000000ee580000,0x00000000ee7fd4a8,0x00000000ee800000)
  to   space 2560K, 0% used [0x00000000ee300000,0x00000000ee300000,0x00000000ee580000)
 ParOldGen       total 40960K, used 1545K [0x00000000c4e00000, 0x00000000c7600000, 0x00000000ec500000)
  object space 40960K, 3% used [0x00000000c4e00000,0x00000000c4f82540,0x00000000c7600000)
 Metaspace       used 10520K, capacity 10588K, committed 10880K, reserved 1058816K
  class space    used 1307K, capacity 1333K, committed 1408K, reserved 1048576K
Event: 6.668 GC heap after
Heap after GC invocations=5 (full 0):
 PSYoungGen      total 33280K, used 2538K [0x00000000ec500000, 0x00000000f0c00000, 0x0000000100000000)
  eden space 30720K, 0% used [0x00000000ec500000,0x00000000ec500000,0x00000000ee300000)
  from space 2560K, 99% used [0x00000000ee300000,0x00000000ee57a900,0x00000000ee580000)
  to   space 5632K, 0% used [0x00000000f0680000,0x00000000f0680000,0x00000000f0c00000)
 ParOldGen       total 40960K, used 4293K [0x00000000c4e00000, 0x00000000c7600000, 0x00000000ec500000)
  object space 40960K, 10% used [0x00000000c4e00000,0x00000000c5231448,0x00000000c7600000)
 Metaspace       used 10520K, capacity 10588K, committed 10880K, reserved 1058816K
  class space    used 1307K, capacity 1333K, committed 1408K, reserved 1048576K
}
Event: 8.105 GC heap before
{Heap before GC invocations=6 (full 0):
 PSYoungGen      total 33280K, used 33258K [0x00000000ec500000, 0x00000000f0c00000, 0x0000000100000000)
  eden space 30720K, 100% used [0x00000000ec500000,0x00000000ee300000,0x00000000ee300000)
  from space 2560K, 99% used [0x00000000ee300000,0x00000000ee57a900,0x00000000ee580000)
  to   space 5632K, 0% used [0x00000000f0680000,0x00000000f0680000,0x00000000f0c00000)
 ParOldGen       total 40960K, used 4293K [0x00000000c4e00000, 0x00000000c7600000, 0x00000000ec500000)
  object space 40960K, 10% used [0x00000000c4e00000,0x00000000c5231448,0x00000000c7600000)
 Metaspace       used 14555K, capacity 14658K, committed 14976K, reserved 1062912K
  class space    used 1782K, capacity 1814K, committed 1920K, reserved 1048576K
Event: 8.125 GC heap after
Heap after GC invocations=6 (full 0):
 PSYoungGen      total 64000K, used 5606K [0x00000000ec500000, 0x00000000f1200000, 0x0000000100000000)
  eden space 58368K, 0% used [0x00000000ec500000,0x00000000ec500000,0x00000000efe00000)
  from space 5632K, 99% used [0x00000000f0680000,0x00000000f0bf99b0,0x00000000f0c00000)
  to   space 8704K, 0% used [0x00000000efe00000,0x00000000efe00000,0x00000000f0680000)
 ParOldGen       total 40960K, used 7879K [0x00000000c4e00000, 0x00000000c7600000, 0x00000000ec500000)
  object space 40960K, 19% used [0x00000000c4e00000,0x00000000c55b1c38,0x00000000c7600000)
 Metaspace       used 14555K, capacity 14658K, committed 14976K, reserved 1062912K
  class space    used 1782K, capacity 1814K, committed 1920K, reserved 1048576K
}
Event: 11.924 GC heap before
{Heap before GC invocations=7 (full 0):
 PSYoungGen      total 64000K, used 63974K [0x00000000ec500000, 0x00000000f1200000, 0x0000000100000000)
  eden space 58368K, 100% used [0x00000000ec500000,0x00000000efe00000,0x00000000efe00000)
  from space 5632K, 99% used [0x00000000f0680000,0x00000000f0bf99b0,0x00000000f0c00000)
  to   space 8704K, 0% used [0x00000000efe00000,0x00000000efe00000,0x00000000f0680000)
 ParOldGen       total 40960K, used 7879K [0x00000000c4e00000, 0x00000000c7600000, 0x00000000ec500000)
  object space 40960K, 19% used [0x00000000c4e00000,0x00000000c55b1c38,0x00000000c7600000)
 Metaspace       used 18830K, capacity 19080K, committed 19328K, reserved 1067008K
  class space    used 2292K, capacity 2359K, committed 2432K, reserved 1048576K

